Build started 2/19/2015 7:15:01 PM.
     1>Project "E:\Git\graficas\p5Texturas\p5Texturas\p5Texturas.vcxproj" on node 2 (Build target(s)).
     1>ClCompile:
         E:\Program Files (x86)\Microsoft Visual Studio 11.0\VC\bin\CL.exe /c /ZI /nologo /W3 /WX- /Od /Oy- /D WIN32 /D _DEBUG /D _CONSOLE /D _UNICODE /D UNICODE /Gm /EHsc /RTC1 /MDd /GS /fp:precise /Zc:wchar_t /Zc:forScope /Fo"Debug\\" /Fd"Debug\vc110.pdb" /Gd /TP /analyze- /errorReport:prompt glm.cpp mainProyectoOpenglII.cpp
         mainProyectoOpenglII.cpp
     1>e:\git\graficas\p5texturas\p5texturas\mainproyectoopenglii.cpp(40): warning C4101: 'aspectratio' : unreferenced local variable
         glm.cpp
     1>e:\git\graficas\p5texturas\p5texturas\glm.cpp(187): warning C4996: 'strdup': The POSIX name for this item is deprecated. Instead, use the ISO C++ conformant name: _strdup. See online help for details.
                 e:\program files (x86)\microsoft visual studio 11.0\vc\include\string.h(241) : see declaration of 'strdup'
     1>e:\git\graficas\p5texturas\p5texturas\glm.cpp(234): warning C4996: 'strdup': The POSIX name for this item is deprecated. Instead, use the ISO C++ conformant name: _strdup. See online help for details.
                 e:\program files (x86)\microsoft visual studio 11.0\vc\include\string.h(241) : see declaration of 'strdup'
     1>e:\git\graficas\p5texturas\p5texturas\glm.cpp(262): warning C4996: 'strcpy': This function or variable may be unsafe. Consider using strcpy_s instead. To disable deprecation, use _CRT_SECURE_NO_WARNINGS. See online help for details.
                 e:\program files (x86)\microsoft visual studio 11.0\vc\include\string.h(110) : see declaration of 'strcpy'
     1>e:\git\graficas\p5texturas\p5texturas\glm.cpp(263): warning C4996: 'strcat': This function or variable may be unsafe. Consider using strcat_s instead. To disable deprecation, use _CRT_SECURE_NO_WARNINGS. See online help for details.
                 e:\program files (x86)\microsoft visual studio 11.0\vc\include\string.h(115) : see declaration of 'strcat'
     1>e:\git\graficas\p5texturas\p5texturas\glm.cpp(266): warning C4996: 'fopen': This function or variable may be unsafe. Consider using fopen_s instead. To disable deprecation, use _CRT_SECURE_NO_WARNINGS. See online help for details.
                 e:\program files (x86)\microsoft visual studio 11.0\vc\include\stdio.h(218) : see declaration of 'fopen'
     1>e:\git\graficas\p5texturas\p5texturas\glm.cpp(276): warning C4996: 'fscanf': This function or variable may be unsafe. Consider using fscanf_s instead. To disable deprecation, use _CRT_SECURE_NO_WARNINGS. See online help for details.
                 e:\program files (x86)\microsoft visual studio 11.0\vc\include\stdio.h(237) : see declaration of 'fscanf'
     1>e:\git\graficas\p5texturas\p5texturas\glm.cpp(285): warning C4996: 'sscanf': This function or variable may be unsafe. Consider using sscanf_s instead. To disable deprecation, use _CRT_SECURE_NO_WARNINGS. See online help for details.
                 e:\program files (x86)\microsoft visual studio 11.0\vc\include\stdio.h(311) : see declaration of 'sscanf'
     1>e:\git\graficas\p5texturas\p5texturas\glm.cpp(303): warning C4305: '=' : truncation from 'double' to 'GLfloat'
     1>e:\git\graficas\p5texturas\p5texturas\glm.cpp(304): warning C4305: '=' : truncation from 'double' to 'GLfloat'
     1>e:\git\graficas\p5texturas\p5texturas\glm.cpp(305): warning C4305: '=' : truncation from 'double' to 'GLfloat'
     1>e:\git\graficas\p5texturas\p5texturas\glm.cpp(307): warning C4305: '=' : truncation from 'double' to 'GLfloat'
     1>e:\git\graficas\p5texturas\p5texturas\glm.cpp(308): warning C4305: '=' : truncation from 'double' to 'GLfloat'
     1>e:\git\graficas\p5texturas\p5texturas\glm.cpp(309): warning C4305: '=' : truncation from 'double' to 'GLfloat'
     1>e:\git\graficas\p5texturas\p5texturas\glm.cpp(316): warning C4996: 'strdup': The POSIX name for this item is deprecated. Instead, use the ISO C++ conformant name: _strdup. See online help for details.
                 e:\program files (x86)\microsoft visual studio 11.0\vc\include\string.h(241) : see declaration of 'strdup'
     1>e:\git\graficas\p5texturas\p5texturas\glm.cpp(320): warning C4996: 'fscanf': This function or variable may be unsafe. Consider using fscanf_s instead. To disable deprecation, use _CRT_SECURE_NO_WARNINGS. See online help for details.
                 e:\program files (x86)\microsoft visual studio 11.0\vc\include\stdio.h(237) : see declaration of 'fscanf'
     1>e:\git\graficas\p5texturas\p5texturas\glm.cpp(328): warning C4996: 'sscanf': This function or variable may be unsafe. Consider using sscanf_s instead. To disable deprecation, use _CRT_SECURE_NO_WARNINGS. See online help for details.
                 e:\program files (x86)\microsoft visual studio 11.0\vc\include\stdio.h(311) : see declaration of 'sscanf'
     1>e:\git\graficas\p5texturas\p5texturas\glm.cpp(330): warning C4996: 'strdup': The POSIX name for this item is deprecated. Instead, use the ISO C++ conformant name: _strdup. See online help for details.
                 e:\program files (x86)\microsoft visual studio 11.0\vc\include\string.h(241) : see declaration of 'strdup'
     1>e:\git\graficas\p5texturas\p5texturas\glm.cpp(333): warning C4996: 'fscanf': This function or variable may be unsafe. Consider using fscanf_s instead. To disable deprecation, use _CRT_SECURE_NO_WARNINGS. See online help for details.
                 e:\program files (x86)\microsoft visual studio 11.0\vc\include\stdio.h(237) : see declaration of 'fscanf'
     1>e:\git\graficas\p5texturas\p5texturas\glm.cpp(344): warning C4996: 'fscanf': This function or variable may be unsafe. Consider using fscanf_s instead. To disable deprecation, use _CRT_SECURE_NO_WARNINGS. See online help for details.
                 e:\program files (x86)\microsoft visual studio 11.0\vc\include\stdio.h(237) : see declaration of 'fscanf'
     1>e:\git\graficas\p5texturas\p5texturas\glm.cpp(350): warning C4996: 'fscanf': This function or variable may be unsafe. Consider using fscanf_s instead. To disable deprecation, use _CRT_SECURE_NO_WARNINGS. See online help for details.
                 e:\program files (x86)\microsoft visual studio 11.0\vc\include\stdio.h(237) : see declaration of 'fscanf'
     1>e:\git\graficas\p5texturas\p5texturas\glm.cpp(356): warning C4996: 'fscanf': This function or variable may be unsafe. Consider using fscanf_s instead. To disable deprecation, use _CRT_SECURE_NO_WARNINGS. See online help for details.
                 e:\program files (x86)\microsoft visual studio 11.0\vc\include\stdio.h(237) : see declaration of 'fscanf'
     1>e:\git\graficas\p5texturas\p5texturas\glm.cpp(389): warning C4996: 'strcpy': This function or variable may be unsafe. Consider using strcpy_s instead. To disable deprecation, use _CRT_SECURE_NO_WARNINGS. See online help for details.
                 e:\program files (x86)\microsoft visual studio 11.0\vc\include\string.h(110) : see declaration of 'strcpy'
     1>e:\git\graficas\p5texturas\p5texturas\glm.cpp(390): warning C4996: 'strcat': This function or variable may be unsafe. Consider using strcat_s instead. To disable deprecation, use _CRT_SECURE_NO_WARNINGS. See online help for details.
                 e:\program files (x86)\microsoft visual studio 11.0\vc\include\string.h(115) : see declaration of 'strcat'
     1>e:\git\graficas\p5texturas\p5texturas\glm.cpp(394): warning C4996: 'fopen': This function or variable may be unsafe. Consider using fopen_s instead. To disable deprecation, use _CRT_SECURE_NO_WARNINGS. See online help for details.
                 e:\program files (x86)\microsoft visual studio 11.0\vc\include\stdio.h(218) : see declaration of 'fopen'
     1>e:\git\graficas\p5texturas\p5texturas\glm.cpp(448): warning C4996: 'fscanf': This function or variable may be unsafe. Consider using fscanf_s instead. To disable deprecation, use _CRT_SECURE_NO_WARNINGS. See online help for details.
                 e:\program files (x86)\microsoft visual studio 11.0\vc\include\stdio.h(237) : see declaration of 'fscanf'
     1>e:\git\graficas\p5texturas\p5texturas\glm.cpp(479): warning C4996: 'sscanf': This function or variable may be unsafe. Consider using sscanf_s instead. To disable deprecation, use _CRT_SECURE_NO_WARNINGS. See online help for details.
                 e:\program files (x86)\microsoft visual studio 11.0\vc\include\stdio.h(311) : see declaration of 'sscanf'
     1>e:\git\graficas\p5texturas\p5texturas\glm.cpp(480): warning C4996: 'strdup': The POSIX name for this item is deprecated. Instead, use the ISO C++ conformant name: _strdup. See online help for details.
                 e:\program files (x86)\microsoft visual studio 11.0\vc\include\string.h(241) : see declaration of 'strdup'
     1>e:\git\graficas\p5texturas\p5texturas\glm.cpp(499): warning C4996: 'fscanf': This function or variable may be unsafe. Consider using fscanf_s instead. To disable deprecation, use _CRT_SECURE_NO_WARNINGS. See online help for details.
                 e:\program files (x86)\microsoft visual studio 11.0\vc\include\stdio.h(237) : see declaration of 'fscanf'
     1>e:\git\graficas\p5texturas\p5texturas\glm.cpp(503): warning C4996: 'sscanf': This function or variable may be unsafe. Consider using sscanf_s instead. To disable deprecation, use _CRT_SECURE_NO_WARNINGS. See online help for details.
                 e:\program files (x86)\microsoft visual studio 11.0\vc\include\stdio.h(311) : see declaration of 'sscanf'
     1>e:\git\graficas\p5texturas\p5texturas\glm.cpp(504): warning C4996: 'fscanf': This function or variable may be unsafe. Consider using fscanf_s instead. To disable deprecation, use _CRT_SECURE_NO_WARNINGS. See online help for details.
                 e:\program files (x86)\microsoft visual studio 11.0\vc\include\stdio.h(237) : see declaration of 'fscanf'
     1>e:\git\graficas\p5texturas\p5texturas\glm.cpp(505): warning C4996: 'fscanf': This function or variable may be unsafe. Consider using fscanf_s instead. To disable deprecation, use _CRT_SECURE_NO_WARNINGS. See online help for details.
                 e:\program files (x86)\microsoft visual studio 11.0\vc\include\stdio.h(237) : see declaration of 'fscanf'
     1>e:\git\graficas\p5texturas\p5texturas\glm.cpp(508): warning C4996: 'fscanf': This function or variable may be unsafe. Consider using fscanf_s instead. To disable deprecation, use _CRT_SECURE_NO_WARNINGS. See online help for details.
                 e:\program files (x86)\microsoft visual studio 11.0\vc\include\stdio.h(237) : see declaration of 'fscanf'
     1>e:\git\graficas\p5texturas\p5texturas\glm.cpp(512): warning C4996: 'sscanf': This function or variable may be unsafe. Consider using sscanf_s instead. To disable deprecation, use _CRT_SECURE_NO_WARNINGS. See online help for details.
                 e:\program files (x86)\microsoft visual studio 11.0\vc\include\stdio.h(311) : see declaration of 'sscanf'
     1>e:\git\graficas\p5texturas\p5texturas\glm.cpp(514): warning C4996: 'fscanf': This function or variable may be unsafe. Consider using fscanf_s instead. To disable deprecation, use _CRT_SECURE_NO_WARNINGS. See online help for details.
                 e:\program files (x86)\microsoft visual studio 11.0\vc\include\stdio.h(237) : see declaration of 'fscanf'
     1>e:\git\graficas\p5texturas\p5texturas\glm.cpp(515): warning C4996: 'fscanf': This function or variable may be unsafe. Consider using fscanf_s instead. To disable deprecation, use _CRT_SECURE_NO_WARNINGS. See online help for details.
                 e:\program files (x86)\microsoft visual studio 11.0\vc\include\stdio.h(237) : see declaration of 'fscanf'
     1>e:\git\graficas\p5texturas\p5texturas\glm.cpp(518): warning C4996: 'fscanf': This function or variable may be unsafe. Consider using fscanf_s instead. To disable deprecation, use _CRT_SECURE_NO_WARNINGS. See online help for details.
                 e:\program files (x86)\microsoft visual studio 11.0\vc\include\stdio.h(237) : see declaration of 'fscanf'
     1>e:\git\graficas\p5texturas\p5texturas\glm.cpp(522): warning C4996: 'sscanf': This function or variable may be unsafe. Consider using sscanf_s instead. To disable deprecation, use _CRT_SECURE_NO_WARNINGS. See online help for details.
                 e:\program files (x86)\microsoft visual studio 11.0\vc\include\stdio.h(311) : see declaration of 'sscanf'
     1>e:\git\graficas\p5texturas\p5texturas\glm.cpp(524): warning C4996: 'fscanf': This function or variable may be unsafe. Consider using fscanf_s instead. To disable deprecation, use _CRT_SECURE_NO_WARNINGS. See online help for details.
                 e:\program files (x86)\microsoft visual studio 11.0\vc\include\stdio.h(237) : see declaration of 'fscanf'
     1>e:\git\graficas\p5texturas\p5texturas\glm.cpp(525): warning C4996: 'fscanf': This function or variable may be unsafe. Consider using fscanf_s instead. To disable deprecation, use _CRT_SECURE_NO_WARNINGS. See online help for details.
                 e:\program files (x86)\microsoft visual studio 11.0\vc\include\stdio.h(237) : see declaration of 'fscanf'
     1>e:\git\graficas\p5texturas\p5texturas\glm.cpp(528): warning C4996: 'fscanf': This function or variable may be unsafe. Consider using fscanf_s instead. To disable deprecation, use _CRT_SECURE_NO_WARNINGS. See online help for details.
                 e:\program files (x86)\microsoft visual studio 11.0\vc\include\stdio.h(237) : see declaration of 'fscanf'
     1>e:\git\graficas\p5texturas\p5texturas\glm.cpp(534): warning C4996: 'fscanf': This function or variable may be unsafe. Consider using fscanf_s instead. To disable deprecation, use _CRT_SECURE_NO_WARNINGS. See online help for details.
                 e:\program files (x86)\microsoft visual studio 11.0\vc\include\stdio.h(237) : see declaration of 'fscanf'
     1>e:\git\graficas\p5texturas\p5texturas\glm.cpp(535): warning C4996: 'fscanf': This function or variable may be unsafe. Consider using fscanf_s instead. To disable deprecation, use _CRT_SECURE_NO_WARNINGS. See online help for details.
                 e:\program files (x86)\microsoft visual studio 11.0\vc\include\stdio.h(237) : see declaration of 'fscanf'
     1>e:\git\graficas\p5texturas\p5texturas\glm.cpp(538): warning C4996: 'fscanf': This function or variable may be unsafe. Consider using fscanf_s instead. To disable deprecation, use _CRT_SECURE_NO_WARNINGS. See online help for details.
                 e:\program files (x86)\microsoft visual studio 11.0\vc\include\stdio.h(237) : see declaration of 'fscanf'
     1>e:\git\graficas\p5texturas\p5texturas\glm.cpp(599): warning C4996: 'fscanf': This function or variable may be unsafe. Consider using fscanf_s instead. To disable deprecation, use _CRT_SECURE_NO_WARNINGS. See online help for details.
                 e:\program files (x86)\microsoft visual studio 11.0\vc\include\stdio.h(237) : see declaration of 'fscanf'
     1>e:\git\graficas\p5texturas\p5texturas\glm.cpp(611): warning C4996: 'fscanf': This function or variable may be unsafe. Consider using fscanf_s instead. To disable deprecation, use _CRT_SECURE_NO_WARNINGS. See online help for details.
                 e:\program files (x86)\microsoft visual studio 11.0\vc\include\stdio.h(237) : see declaration of 'fscanf'
     1>e:\git\graficas\p5texturas\p5texturas\glm.cpp(618): warning C4996: 'fscanf': This function or variable may be unsafe. Consider using fscanf_s instead. To disable deprecation, use _CRT_SECURE_NO_WARNINGS. See online help for details.
                 e:\program files (x86)\microsoft visual studio 11.0\vc\include\stdio.h(237) : see declaration of 'fscanf'
     1>e:\git\graficas\p5texturas\p5texturas\glm.cpp(624): warning C4996: 'fscanf': This function or variable may be unsafe. Consider using fscanf_s instead. To disable deprecation, use _CRT_SECURE_NO_WARNINGS. See online help for details.
                 e:\program files (x86)\microsoft visual studio 11.0\vc\include\stdio.h(237) : see declaration of 'fscanf'
     1>e:\git\graficas\p5texturas\p5texturas\glm.cpp(631): warning C4996: 'sscanf': This function or variable may be unsafe. Consider using sscanf_s instead. To disable deprecation, use _CRT_SECURE_NO_WARNINGS. See online help for details.
                 e:\program files (x86)\microsoft visual studio 11.0\vc\include\stdio.h(311) : see declaration of 'sscanf'
     1>e:\git\graficas\p5texturas\p5texturas\glm.cpp(647): warning C4996: 'fscanf': This function or variable may be unsafe. Consider using fscanf_s instead. To disable deprecation, use _CRT_SECURE_NO_WARNINGS. See online help for details.
                 e:\program files (x86)\microsoft visual studio 11.0\vc\include\stdio.h(237) : see declaration of 'fscanf'
     1>e:\git\graficas\p5texturas\p5texturas\glm.cpp(651): warning C4996: 'sscanf': This function or variable may be unsafe. Consider using sscanf_s instead. To disable deprecation, use _CRT_SECURE_NO_WARNINGS. See online help for details.
                 e:\program files (x86)\microsoft visual studio 11.0\vc\include\stdio.h(311) : see declaration of 'sscanf'
     1>e:\git\graficas\p5texturas\p5texturas\glm.cpp(654): warning C4996: 'fscanf': This function or variable may be unsafe. Consider using fscanf_s instead. To disable deprecation, use _CRT_SECURE_NO_WARNINGS. See online help for details.
                 e:\program files (x86)\microsoft visual studio 11.0\vc\include\stdio.h(237) : see declaration of 'fscanf'
     1>e:\git\graficas\p5texturas\p5texturas\glm.cpp(657): warning C4996: 'fscanf': This function or variable may be unsafe. Consider using fscanf_s instead. To disable deprecation, use _CRT_SECURE_NO_WARNINGS. See online help for details.
                 e:\program files (x86)\microsoft visual studio 11.0\vc\include\stdio.h(237) : see declaration of 'fscanf'
     1>e:\git\graficas\p5texturas\p5texturas\glm.cpp(662): warning C4996: 'fscanf': This function or variable may be unsafe. Consider using fscanf_s instead. To disable deprecation, use _CRT_SECURE_NO_WARNINGS. See online help for details.
                 e:\program files (x86)\microsoft visual studio 11.0\vc\include\stdio.h(237) : see declaration of 'fscanf'
     1>e:\git\graficas\p5texturas\p5texturas\glm.cpp(672): warning C4996: 'sscanf': This function or variable may be unsafe. Consider using sscanf_s instead. To disable deprecation, use _CRT_SECURE_NO_WARNINGS. See online help for details.
                 e:\program files (x86)\microsoft visual studio 11.0\vc\include\stdio.h(311) : see declaration of 'sscanf'
     1>e:\git\graficas\p5texturas\p5texturas\glm.cpp(677): warning C4996: 'fscanf': This function or variable may be unsafe. Consider using fscanf_s instead. To disable deprecation, use _CRT_SECURE_NO_WARNINGS. See online help for details.
                 e:\program files (x86)\microsoft visual studio 11.0\vc\include\stdio.h(237) : see declaration of 'fscanf'
     1>e:\git\graficas\p5texturas\p5texturas\glm.cpp(681): warning C4996: 'fscanf': This function or variable may be unsafe. Consider using fscanf_s instead. To disable deprecation, use _CRT_SECURE_NO_WARNINGS. See online help for details.
                 e:\program files (x86)\microsoft visual studio 11.0\vc\include\stdio.h(237) : see declaration of 'fscanf'
     1>e:\git\graficas\p5texturas\p5texturas\glm.cpp(687): warning C4996: 'fscanf': This function or variable may be unsafe. Consider using fscanf_s instead. To disable deprecation, use _CRT_SECURE_NO_WARNINGS. See online help for details.
                 e:\program files (x86)\microsoft visual studio 11.0\vc\include\stdio.h(237) : see declaration of 'fscanf'
     1>e:\git\graficas\p5texturas\p5texturas\glm.cpp(700): warning C4996: 'sscanf': This function or variable may be unsafe. Consider using sscanf_s instead. To disable deprecation, use _CRT_SECURE_NO_WARNINGS. See online help for details.
                 e:\program files (x86)\microsoft visual studio 11.0\vc\include\stdio.h(311) : see declaration of 'sscanf'
     1>e:\git\graficas\p5texturas\p5texturas\glm.cpp(704): warning C4996: 'fscanf': This function or variable may be unsafe. Consider using fscanf_s instead. To disable deprecation, use _CRT_SECURE_NO_WARNINGS. See online help for details.
                 e:\program files (x86)\microsoft visual studio 11.0\vc\include\stdio.h(237) : see declaration of 'fscanf'
     1>e:\git\graficas\p5texturas\p5texturas\glm.cpp(707): warning C4996: 'fscanf': This function or variable may be unsafe. Consider using fscanf_s instead. To disable deprecation, use _CRT_SECURE_NO_WARNINGS. See online help for details.
                 e:\program files (x86)\microsoft visual studio 11.0\vc\include\stdio.h(237) : see declaration of 'fscanf'
     1>e:\git\graficas\p5texturas\p5texturas\glm.cpp(712): warning C4996: 'fscanf': This function or variable may be unsafe. Consider using fscanf_s instead. To disable deprecation, use _CRT_SECURE_NO_WARNINGS. See online help for details.
                 e:\program files (x86)\microsoft visual studio 11.0\vc\include\stdio.h(237) : see declaration of 'fscanf'
     1>e:\git\graficas\p5texturas\p5texturas\glm.cpp(724): warning C4996: 'sscanf': This function or variable may be unsafe. Consider using sscanf_s instead. To disable deprecation, use _CRT_SECURE_NO_WARNINGS. See online help for details.
                 e:\program files (x86)\microsoft visual studio 11.0\vc\include\stdio.h(311) : see declaration of 'sscanf'
     1>e:\git\graficas\p5texturas\p5texturas\glm.cpp(726): warning C4996: 'fscanf': This function or variable may be unsafe. Consider using fscanf_s instead. To disable deprecation, use _CRT_SECURE_NO_WARNINGS. See online help for details.
                 e:\program files (x86)\microsoft visual studio 11.0\vc\include\stdio.h(237) : see declaration of 'fscanf'
     1>e:\git\graficas\p5texturas\p5texturas\glm.cpp(728): warning C4996: 'fscanf': This function or variable may be unsafe. Consider using fscanf_s instead. To disable deprecation, use _CRT_SECURE_NO_WARNINGS. See online help for details.
                 e:\program files (x86)\microsoft visual studio 11.0\vc\include\stdio.h(237) : see declaration of 'fscanf'
     1>e:\git\graficas\p5texturas\p5texturas\glm.cpp(732): warning C4996: 'fscanf': This function or variable may be unsafe. Consider using fscanf_s instead. To disable deprecation, use _CRT_SECURE_NO_WARNINGS. See online help for details.
                 e:\program files (x86)\microsoft visual studio 11.0\vc\include\stdio.h(237) : see declaration of 'fscanf'
     1>e:\git\graficas\p5texturas\p5texturas\glm.cpp(807): warning C4244: '=' : conversion from 'double' to 'GLfloat', possible loss of data
     1>e:\git\graficas\p5texturas\p5texturas\glm.cpp(808): warning C4244: '=' : conversion from 'double' to 'GLfloat', possible loss of data
     1>e:\git\graficas\p5texturas\p5texturas\glm.cpp(809): warning C4244: '=' : conversion from 'double' to 'GLfloat', possible loss of data
     1>e:\git\graficas\p5texturas\p5texturas\glm.cpp(812): warning C4244: '=' : conversion from 'double' to 'GLfloat', possible loss of data
     1>e:\git\graficas\p5texturas\p5texturas\glm.cpp(1012): warning C4244: '=' : conversion from 'double' to 'GLfloat', possible loss of data
     1>e:\git\graficas\p5texturas\p5texturas\glm.cpp(1169): warning C4244: '=' : conversion from 'double' to 'GLfloat', possible loss of data
     1>e:\git\graficas\p5texturas\p5texturas\glm.cpp(1175): warning C4244: '=' : conversion from 'double' to 'GLfloat', possible loss of data
     1>e:\git\graficas\p5texturas\p5texturas\glm.cpp(1176): warning C4244: '=' : conversion from 'double' to 'GLfloat', possible loss of data
     1>e:\git\graficas\p5texturas\p5texturas\glm.cpp(1234): warning C4305: '=' : truncation from 'double' to 'GLfloat'
     1>e:\git\graficas\p5texturas\p5texturas\glm.cpp(1239): warning C4305: '=' : truncation from 'double' to 'GLfloat'
     1>e:\git\graficas\p5texturas\p5texturas\glm.cpp(1241): warning C4244: '=' : conversion from 'double' to 'GLfloat', possible loss of data
     1>e:\git\graficas\p5texturas\p5texturas\glm.cpp(1244): warning C4244: '=' : conversion from 'double' to 'GLfloat', possible loss of data
     1>e:\git\graficas\p5texturas\p5texturas\glm.cpp(1245): warning C4244: '=' : conversion from 'double' to 'GLfloat', possible loss of data
     1>e:\git\graficas\p5texturas\p5texturas\glm.cpp(1308): warning C4996: 'fopen': This function or variable may be unsafe. Consider using fopen_s instead. To disable deprecation, use _CRT_SECURE_NO_WARNINGS. See online help for details.
                 e:\program files (x86)\microsoft visual studio 11.0\vc\include\stdio.h(218) : see declaration of 'fopen'
     1>e:\git\graficas\p5texturas\p5texturas\glm.cpp(1317): warning C4996: 'strdup': The POSIX name for this item is deprecated. Instead, use the ISO C++ conformant name: _strdup. See online help for details.
                 e:\program files (x86)\microsoft visual studio 11.0\vc\include\string.h(241) : see declaration of 'strdup'
     1>e:\git\graficas\p5texturas\p5texturas\glm.cpp(1429): warning C4996: 'fopen': This function or variable may be unsafe. Consider using fopen_s instead. To disable deprecation, use _CRT_SECURE_NO_WARNINGS. See online help for details.
                 e:\program files (x86)\microsoft visual studio 11.0\vc\include\stdio.h(218) : see declaration of 'fopen'
     1>e:\git\graficas\p5texturas\p5texturas\glm.cpp(1791): warning C4996: 'fopen': This function or variable may be unsafe. Consider using fopen_s instead. To disable deprecation, use _CRT_SECURE_NO_WARNINGS. See online help for details.
                 e:\program files (x86)\microsoft visual studio 11.0\vc\include\stdio.h(218) : see declaration of 'fopen'
     1>e:\git\graficas\p5texturas\p5texturas\glm.cpp(1812): warning C4996: 'sscanf': This function or variable may be unsafe. Consider using sscanf_s instead. To disable deprecation, use _CRT_SECURE_NO_WARNINGS. See online help for details.
                 e:\program files (x86)\microsoft visual studio 11.0\vc\include\stdio.h(311) : see declaration of 'sscanf'
     1>e:\git\graficas\p5texturas\p5texturas\glm.cpp(1814): warning C4996: 'sscanf': This function or variable may be unsafe. Consider using sscanf_s instead. To disable deprecation, use _CRT_SECURE_NO_WARNINGS. See online help for details.
                 e:\program files (x86)\microsoft visual studio 11.0\vc\include\stdio.h(311) : see declaration of 'sscanf'
     1>e:\git\graficas\p5texturas\p5texturas\glm.cpp(1816): warning C4996: 'sscanf': This function or variable may be unsafe. Consider using sscanf_s instead. To disable deprecation, use _CRT_SECURE_NO_WARNINGS. See online help for details.
                 e:\program files (x86)\microsoft visual studio 11.0\vc\include\stdio.h(311) : see declaration of 'sscanf'
         Generating Code...
       Link:
         E:\Program Files (x86)\Microsoft Visual Studio 11.0\VC\bin\link.exe /ERRORREPORT:PROMPT /OUT:"E:\Git\graficas\p5Texturas\Debug\p5Texturas.exe" /INCREMENTAL /NOLOGO freeglut.lib glew32.lib assimp.lib kernel32.lib user32.lib gdi32.lib winspool.lib comdlg32.lib advapi32.lib shell32.lib ole32.lib oleaut32.lib uuid.lib odbc32.lib odbccp32.lib /MANIFEST /MANIFESTUAC:"level='asInvoker' uiAccess='false'" /manifest:embed /DEBUG /PDB:"E:\Git\graficas\p5Texturas\Debug\p5Texturas.pdb" /SUBSYSTEM:CONSOLE /TLBID:1 /DYNAMICBASE /NXCOMPAT /IMPLIB:"E:\Git\graficas\p5Texturas\Debug\p5Texturas.lib" /MACHINE:X86 Debug\glm.obj
         Debug\mainProyectoOpenglII.obj
         p5Texturas.vcxproj -> E:\Git\graficas\p5Texturas\Debug\p5Texturas.exe
     1>Done Building Project "E:\Git\graficas\p5Texturas\p5Texturas\p5Texturas.vcxproj" (Build target(s)).

Build succeeded.

Time Elapsed 00:00:01.96
