E:\GIT\GRAFICAS\P5TEXTURAS\P5TEXTURAS\DEBUG\GLM.OBJ
E:\GIT\GRAFICAS\P5TEXTURAS\P5TEXTURAS\DEBUG\MAINPROYECTOOPENGLII.OBJ
E:\GIT\GRAFICAS\P5TEXTURAS\P5TEXTURAS\DEBUG\VC110.PDB
E:\GIT\GRAFICAS\P5TEXTURAS\DEBUG\P5TEXTURAS.ILK
E:\GIT\GRAFICAS\P5TEXTURAS\DEBUG\P5TEXTURAS.EXE
E:\GIT\GRAFICAS\P5TEXTURAS\DEBUG\P5TEXTURAS.PDB
E:\Git\graficas\p5Texturas\p5Texturas\Debug\glm.obj
E:\Git\graficas\p5Texturas\p5Texturas\Debug\main.obj
E:\Git\graficas\p5Texturas\p5Texturas\Debug\mainProyectoOpenglII.obj
E:\Git\graficas\p5Texturas\p5Texturas\Debug\mainProyectoS09.obj
E:\Git\graficas\p5Texturas\p5Texturas\Debug\mainProyectoS11.obj
E:\Git\graficas\p5Texturas\p5Texturas\Debug\cl.command.1.tlog
E:\Git\graficas\p5Texturas\p5Texturas\Debug\CL.read.1.tlog
E:\Git\graficas\p5Texturas\p5Texturas\Debug\CL.write.1.tlog
E:\Git\graficas\p5Texturas\p5Texturas\Debug\link-cvtres.read.1.tlog
E:\Git\graficas\p5Texturas\p5Texturas\Debug\link-cvtres.write.1.tlog
E:\Git\graficas\p5Texturas\p5Texturas\Debug\link-rc.read.1.tlog
E:\Git\graficas\p5Texturas\p5Texturas\Debug\link-rc.write.1.tlog
E:\Git\graficas\p5Texturas\p5Texturas\Debug\link.10004-cvtres.read.1.tlog
E:\Git\graficas\p5Texturas\p5Texturas\Debug\link.10004-cvtres.write.1.tlog
E:\Git\graficas\p5Texturas\p5Texturas\Debug\link.10004-rc.read.1.tlog
E:\Git\graficas\p5Texturas\p5Texturas\Debug\link.10004-rc.write.1.tlog
E:\Git\graficas\p5Texturas\p5Texturas\Debug\link.10004.read.1.tlog
E:\Git\graficas\p5Texturas\p5Texturas\Debug\link.10004.write.1.tlog
E:\Git\graficas\p5Texturas\p5Texturas\Debug\link.3824-cvtres.read.1.tlog
E:\Git\graficas\p5Texturas\p5Texturas\Debug\link.3824-cvtres.write.1.tlog
E:\Git\graficas\p5Texturas\p5Texturas\Debug\link.3824-rc.read.1.tlog
E:\Git\graficas\p5Texturas\p5Texturas\Debug\link.3824-rc.write.1.tlog
E:\Git\graficas\p5Texturas\p5Texturas\Debug\link.3824.read.1.tlog
E:\Git\graficas\p5Texturas\p5Texturas\Debug\link.3824.write.1.tlog
E:\Git\graficas\p5Texturas\p5Texturas\Debug\link.4304-cvtres.read.1.tlog
E:\Git\graficas\p5Texturas\p5Texturas\Debug\link.4304-cvtres.write.1.tlog
E:\Git\graficas\p5Texturas\p5Texturas\Debug\link.4304-rc.read.1.tlog
E:\Git\graficas\p5Texturas\p5Texturas\Debug\link.4304-rc.write.1.tlog
E:\Git\graficas\p5Texturas\p5Texturas\Debug\link.4304.read.1.tlog
E:\Git\graficas\p5Texturas\p5Texturas\Debug\link.4304.write.1.tlog
E:\Git\graficas\p5Texturas\p5Texturas\Debug\link.9812-cvtres.read.1.tlog
E:\Git\graficas\p5Texturas\p5Texturas\Debug\link.9812-cvtres.write.1.tlog
E:\Git\graficas\p5Texturas\p5Texturas\Debug\link.9812-rc.read.1.tlog
E:\Git\graficas\p5Texturas\p5Texturas\Debug\link.9812-rc.write.1.tlog
E:\Git\graficas\p5Texturas\p5Texturas\Debug\link.9812.read.1.tlog
E:\Git\graficas\p5Texturas\p5Texturas\Debug\link.9812.write.1.tlog
E:\Git\graficas\p5Texturas\p5Texturas\Debug\link.command.1.tlog
E:\Git\graficas\p5Texturas\p5Texturas\Debug\link.read.1.tlog
E:\Git\graficas\p5Texturas\p5Texturas\Debug\link.write.1.tlog
E:\Git\graficas\p5Texturas\p5Texturas\Debug\vc110.idb
E:\Git\graficas\p5Texturas\p5Texturas\Debug\vc110.pdb
E:\Git\graficas\p5Texturas\Debug\p5Texturas.pdb
E:\Git\graficas\p5Texturas\Debug\p5Texturas.exe
E:\Git\graficas\p5Texturas\Debug\p5Texturas.ilk
